USERDOMAIN=TABLET-9THLRL5F
OS=Windows_NT
COMMONPROGRAMFILES=C:\Program Files\Common Files
PROCESSOR_LEVEL=6
PSModulePath=C:\Program Files\WindowsPowerShell\Modules;C:\WINDOWS\system32\WindowsPowerShell\v1.0\Modules
CommonProgramW6432=C:\Program Files\Common Files
CommonProgramFiles(x86)=C:\Program Files (x86)\Common Files
LANG=en_GB.UTF-8
TZ=Europe/Paris
platformcode=KV
HOSTNAME=TABLET-9THLRL5F
PUBLIC=C:\Users\Public
OLDPWD=/cygdrive/c/Users/guyba_forni5u/Desktop
OnlineServices=Online Services
USERNAME=guyba_forni5u
LOGONSERVER=\\TABLET-9THLRL5F
PROCESSOR_ARCHITECTURE=AMD64
LOCALAPPDATA=C:\Users\guyba_forni5u\AppData\Local
COMPUTERNAME=TABLET-9THLRL5F
FPS_BROWSER_APP_PROFILE_STRING=Internet Explorer
USER=guyba_forni5u
!::=::\
SYSTEMDRIVE=C:
USERPROFILE=C:\Users\guyba_forni5u
PATHEXT=.COM;.EXE;.BAT;.CMD;.VBS;.VBE;.JS;.JSE;.WSF;.WSH;.MSC
SYSTEMROOT=C:\WINDOWS
USERDOMAIN_ROAMINGPROFILE=TABLET-9THLRL5F
PROCESSOR_IDENTIFIER=Intel64 Family 6 Model 78 Stepping 3, GenuineIntel
PWD=/home/guyba_forni5u
HOME=/home/guyba_forni5u
TMP=/tmp
OneDrive=C:\Users\guyba_forni5u\OneDrive
PROCESSOR_REVISION=4e03
FPS_BROWSER_USER_PROFILE_STRING=Default
PROFILEREAD=true
NUMBER_OF_PROCESSORS=4
ProgramW6432=C:\Program Files
COMSPEC=C:\WINDOWS\system32\cmd.exe
APPDATA=C:\Users\guyba_forni5u\AppData\Roaming
SHELL=/bin/bash
TERM=xterm
WINDIR=C:\WINDOWS
ProgramData=C:\ProgramData
SHLVL=1
PRINTER=HP ePrint
PROGRAMFILES=C:\Program Files
ALLUSERSPROFILE=C:\ProgramData
TEMP=/tmp
asl.log=Destination=file
SESSIONNAME=Console
RegionCode=EMEA
ProgramFiles(x86)=C:\Program Files (x86)
PATH=/usr/local/bin:/usr/bin:/cygdrive/c/Program Files (x86)/Intel/iCLS Client:/cygdrive/c/Program Files/Intel/iCLS Client:/cygdrive/c/WINDOWS/system32:/cygdrive/c/WINDOWS:/cygdrive/c/WINDOWS/System32/Wbem:/cygdrive/c/WINDOWS/System32/WindowsPowerShell/v1.0:/cygdrive/c/Program Files (x86)/Intel/Intel(R) Management Engine Components/DAL:/cygdrive/c/Program Files/Intel/Intel(R) Management Engine Components/DAL:/cygdrive/c/Program Files (x86)/Intel/Intel(R) Management Engine Components/IPT:/cygdrive/c/Program Files/Intel/Intel(R) Management Engine Components/IPT:/cygdrive/c/Program Files/Intel/WiFi/bin:/cygdrive/c/Program Files/Common Files/Intel/WirelessCommon:/cygdrive/c/Program Files (x86)/Windows Kits/8.1/Windows Performance Toolkit:/cygdrive/c/Users/guyba_forni5u/AppData/Local/Microsoft/WindowsApps
PS1=\[\e]0;\w\a\]\n\[\e[32m\]\u@\h \[\e[33m\]\w\[\e[0m\]\n\$ 
HOMEDRIVE=C:
INFOPATH=/usr/local/info:/usr/share/info:/usr/info
HOMEPATH=\Users\guyba_forni5u
ORIGINAL_PATH=/cygdrive/c/Program Files (x86)/Intel/iCLS Client:/cygdrive/c/Program Files/Intel/iCLS Client:/cygdrive/c/WINDOWS/system32:/cygdrive/c/WINDOWS:/cygdrive/c/WINDOWS/System32/Wbem:/cygdrive/c/WINDOWS/System32/WindowsPowerShell/v1.0:/cygdrive/c/Program Files (x86)/Intel/Intel(R) Management Engine Components/DAL:/cygdrive/c/Program Files/Intel/Intel(R) Management Engine Components/DAL:/cygdrive/c/Program Files (x86)/Intel/Intel(R) Management Engine Components/IPT:/cygdrive/c/Program Files/Intel/Intel(R) Management Engine Components/IPT:/cygdrive/c/Program Files/Intel/WiFi/bin:/cygdrive/c/Program Files/Common Files/Intel/WirelessCommon:/cygdrive/c/Program Files (x86)/Windows Kits/8.1/Windows Performance Toolkit:/cygdrive/c/Users/guyba_forni5u/AppData/Local/Microsoft/WindowsApps
EXECIGNORE=*.dll
VS140COMNTOOLS=C:\Program Files (x86)\Microsoft Visual Studio 14.0\Common7\Tools\
_=/usr/bin/printenv
