USERDOMAIN=TABLET-9THLRL5F
UCRTContentRoot=C:\Program Files (x86)\Windows Kits\10\
OS=Windows_NT
COMMONPROGRAMFILES=C:\Program Files\Common Files
PROCESSOR_LEVEL=6
PSModulePath=C:\Program Files\WindowsPowerShell\Modules;C:\WINDOWS\system32\WindowsPowerShell\v1.0\Modules
CommonProgramW6432=C:\Program Files\Common Files
INCLUDE=C:\Program Files (x86)\Microsoft Visual Studio 14.0\VC\INCLUDE;C:\Program Files (x86)\Windows Kits\10\include\10.0.10240.0\ucrt;C:\Program Files (x86)\Windows Kits\8.1\include\shared;C:\Program Files (x86)\Windows Kits\8.1\include\um;C:\Program Files (x86)\Windows Kits\8.1\include\winrt;
!ExitCode=00000000
CommonProgramFiles(x86)=C:\Program Files (x86)\Common Files
LANG=en_GB.UTF-8
TZ=Europe/Paris
platformcode=KV
HOSTNAME=TABLET-9THLRL5F
PUBLIC=C:\Users\Public
OLDPWD=/usr/bin
curDir=C:\Program Files (x86)\Microsoft Visual C++ Build Tools\
OnlineServices=Online Services
FrameworkVersion64=v4.0.30319
USERNAME=guyba_forni5u
LOGONSERVER=\\TABLET-9THLRL5F
PROCESSOR_ARCHITECTURE=AMD64
LOCALAPPDATA=C:\Users\guyba_forni5u\AppData\Local
COMPUTERNAME=TABLET-9THLRL5F
FPS_BROWSER_APP_PROFILE_STRING=Internet Explorer
USER=guyba_forni5u
WindowsLibPath=References\CommonConfiguration\Neutral
!::=::\
FrameworkDIR64=C:\WINDOWS\Microsoft.NET\Framework64
SYSTEMDRIVE=C:
USERPROFILE=C:\Users\guyba_forni5u
PATHEXT=.COM;.EXE;.BAT;.CMD;.VBS;.VBE;.JS;.JSE;.WSF;.WSH;.MSC
SYSTEMROOT=C:\WINDOWS
USERDOMAIN_ROAMINGPROFILE=TABLET-9THLRL5F
PROCESSOR_IDENTIFIER=Intel64 Family 6 Model 78 Stepping 3, GenuineIntel
PWD=/home/guyba_forni5u
VCTargetsPath=C:\Program Files (x86)\MSBuild\Microsoft.Cpp\v4.0\v140\
HOME=/home/guyba_forni5u
TMP=/tmp
Platform=X64
CommandPromptType=Native
FrameworkDir=C:\WINDOWS\Microsoft.NET\Framework64
OneDrive=C:\Users\guyba_forni5u\OneDrive
!C:=C:\cygwin64\bin
PROCESSOR_REVISION=4e03
FPS_BROWSER_USER_PROFILE_STRING=Default
PROFILEREAD=true
WindowsSDKLibVersion=winv6.3\
VCINSTALLDIR=C:\Program Files (x86)\Microsoft Visual Studio 14.0\VC\
LIB=C:\Program Files (x86)\Microsoft Visual Studio 14.0\VC\LIB\amd64;C:\Program Files (x86)\Windows Kits\10\lib\10.0.10240.0\ucrt\x64;C:\Program Files (x86)\Windows Kits\8.1\lib\winv6.3\um\x64;
LIBPATH=C:\Program Files (x86)\Microsoft Visual Studio 14.0\VC\LIB\amd64;C:\WINDOWS\Microsoft.NET\Framework64\v4.0.30319;C:\WINDOWS\Microsoft.NET\Framework64\;References\CommonConfiguration\Neutral;\Microsoft.VCLibs\14.0\References\CommonConfiguration\neutral;
PROMPT=$P$G
NUMBER_OF_PROCESSORS=4
ProgramW6432=C:\Program Files
WindowsSdkDir=C:\Program Files (x86)\Windows Kits\8.1\
COMSPEC=C:\WINDOWS\system32\cmd.exe
APPDATA=C:\Users\guyba_forni5u\AppData\Roaming
SHELL=/bin/bash
TERM=cygwin
UCRTVersion=10.0.10240.0
WINDIR=C:\WINDOWS
ProgramData=C:\ProgramData
SHLVL=1
PRINTER=HP ePrint
PROGRAMFILES=C:\Program Files
FrameworkVersion=v4.0.30319
ALLUSERSPROFILE=C:\ProgramData
TEMP=/tmp
UniversalCRTSdkDir=C:\Program Files (x86)\Windows Kits\10\
asl.log=Destination=file
SESSIONNAME=Console
RegionCode=EMEA
ProgramFiles(x86)=C:\Program Files (x86)
PATH=/usr/local/bin:/usr/bin:/cygdrive/c/Program Files (x86)/MSBuild/14.0/bin/amd64:/cygdrive/c/Program Files (x86)/Microsoft Visual Studio 14.0/VC/BIN/amd64:/cygdrive/c/WINDOWS/Microsoft.NET/Framework64/v4.0.30319:/cygdrive/c/WINDOWS/Microsoft.NET/Framework64:/cygdrive/c/Program Files (x86)/Windows Kits/8.1/bin/x64:/cygdrive/c/Program Files (x86)/Windows Kits/8.1/bin/x86:/cygdrive/c/Program Files (x86)/Intel/iCLS Client:/cygdrive/c/Program Files/Intel/iCLS Client:/cygdrive/c/WINDOWS/system32:/cygdrive/c/WINDOWS:/cygdrive/c/WINDOWS/System32/Wbem:/cygdrive/c/WINDOWS/System32/WindowsPowerShell/v1.0:/cygdrive/c/Program Files (x86)/Intel/Intel(R) Management Engine Components/DAL:/cygdrive/c/Program Files/Intel/Intel(R) Management Engine Components/DAL:/cygdrive/c/Program Files (x86)/Intel/Intel(R) Management Engine Components/IPT:/cygdrive/c/Program Files/Intel/Intel(R) Management Engine Components/IPT:/cygdrive/c/Program Files/Intel/WiFi/bin:/cygdrive/c/Program Files/Common Files/Intel/WirelessCommon:/cygdrive/c/Program Files (x86)/Windows Kits/8.1/Windows Performance Toolkit:/cygdrive/c/Users/guyba_forni5u/AppData/Local/Microsoft/WindowsApps
PS1=\[\e]0;\w\a\]\n\[\e[32m\]\u@\h \[\e[33m\]\w\[\e[0m\]\n\$ 
HOMEDRIVE=C:
INFOPATH=/usr/local/info:/usr/share/info:/usr/info
HOMEPATH=\Users\guyba_forni5u
ORIGINAL_PATH=/cygdrive/c/Program Files (x86)/MSBuild/14.0/bin/amd64:/cygdrive/c/Program Files (x86)/Microsoft Visual Studio 14.0/VC/BIN/amd64:/cygdrive/c/WINDOWS/Microsoft.NET/Framework64/v4.0.30319:/cygdrive/c/WINDOWS/Microsoft.NET/Framework64:/cygdrive/c/Program Files (x86)/Windows Kits/8.1/bin/x64:/cygdrive/c/Program Files (x86)/Windows Kits/8.1/bin/x86:/cygdrive/c/Program Files (x86)/Intel/iCLS Client:/cygdrive/c/Program Files/Intel/iCLS Client:/cygdrive/c/WINDOWS/system32:/cygdrive/c/WINDOWS:/cygdrive/c/WINDOWS/System32/Wbem:/cygdrive/c/WINDOWS/System32/WindowsPowerShell/v1.0:/cygdrive/c/Program Files (x86)/Intel/Intel(R) Management Engine Components/DAL:/cygdrive/c/Program Files/Intel/Intel(R) Management Engine Components/DAL:/cygdrive/c/Program Files (x86)/Intel/Intel(R) Management Engine Components/IPT:/cygdrive/c/Program Files/Intel/Intel(R) Management Engine Components/IPT:/cygdrive/c/Program Files/Intel/WiFi/bin:/cygdrive/c/Program Files/Common Files/Intel/WirelessCommon:/cygdrive/c/Program Files (x86)/Windows Kits/8.1/Windows Performance Toolkit:/cygdrive/c/Users/guyba_forni5u/AppData/Local/Microsoft/WindowsApps
EXECIGNORE=*.dll
VS140COMNTOOLS=C:\Program Files (x86)\Microsoft Visual Studio 14.0\Common7\Tools\
_=/usr/bin/printenv
